<?xml version="1.0" encoding="UTF-8"?>
<!-- Generated by org.testng.reporters.JUnitReportReporter -->
<testsuite hostname="DESKTOP-GORH56O" failures="0" tests="2" name="Runnerpack.Runner" time="69.291" errors="0" timestamp="2024-03-25T18:10:29 IST" skipped="0">
  <testcase classname="Runnerpack.Runner" name="runScenario" time="69.163"/>
  <system-out/>
  <testcase classname="Runnerpack.Runner" name="runScenario" time="0.128"/>
  <system-out/>
</testsuite> <!-- Runnerpack.Runner -->
